<?xml version="1.0" encoding="UTF-8"?>
<testng-results ignored="2" total="4" passed="2" failed="0" skipped="0">
  <reporter-output>
  </reporter-output>
  <suite started-at="2022-09-09T15:48:34 IST" name="Suite" finished-at="2022-09-09T15:48:49 IST" duration-ms="14729">
    <groups>
    </groups>
    <test started-at="2022-09-09T15:48:34 IST" name="Test" finished-at="2022-09-09T15:48:49 IST" duration-ms="14729">
      <class name="com.tests.Login_DataDriven">
        <test-method is-config="true" signature="init(java.lang.String)[pri:0, instance:com.tests.Login_DataDriven@6bbe85a8]" started-at="2022-09-09T15:48:34 IST" name="init" finished-at="2022-09-09T15:48:45 IST" duration-ms="10906" status="PASS">
          <params>
            <param index="0">
              <value>
                <![CDATA[chrome]]>
              </value>
            </param>
          </params>
          <reporter-output>
          </reporter-output>
        </test-method> <!-- init -->
        <test-method is-config="true" signature="preSetup()[pri:0, instance:com.tests.Login_DataDriven@6bbe85a8]" started-at="2022-09-09T15:48:45 IST" name="preSetup" finished-at="2022-09-09T15:48:45 IST" duration-ms="3" status="PASS">
          <reporter-output>
          </reporter-output>
        </test-method> <!-- preSetup -->
        <test-method is-config="true" signature="Setup()[pri:0, instance:com.tests.Login_DataDriven@6bbe85a8]" started-at="2022-09-09T15:48:45 IST" name="Setup" finished-at="2022-09-09T15:48:45 IST" duration-ms="1" status="PASS">
          <reporter-output>
          </reporter-output>
        </test-method> <!-- Setup -->
        <test-method signature="loginToApplication()[pri:0, instance:com.tests.Login_DataDriven@6bbe85a8]" started-at="2022-09-09T15:48:45 IST" name="loginToApplication" description="This TC will perform valid login" finished-at="2022-09-09T15:48:48 IST" duration-ms="3609" status="PASS">
          <reporter-output>
          </reporter-output>
        </test-method> <!-- loginToApplication -->
        <test-method is-config="true" signature="captureResult(org.testng.ITestResult)[pri:0, instance:com.tests.Login_DataDriven@6bbe85a8]" started-at="2022-09-09T15:48:48 IST" name="captureResult" finished-at="2022-09-09T15:48:48 IST" duration-ms="1" status="PASS">
          <params>
            <param index="0">
              <value>
                <![CDATA[[TestResult name=loginToApplication status=SUCCESS method=Login_DataDriven.loginToApplication()[pri:0, instance:com.tests.Login_DataDriven@6bbe85a8] output={null}]]]>
              </value>
            </param>
          </params>
          <reporter-output>
          </reporter-output>
        </test-method> <!-- captureResult -->
        <test-method is-config="true" signature="tearDown()[pri:0, instance:com.tests.Login_DataDriven@6bbe85a8]" started-at="2022-09-09T15:48:48 IST" name="tearDown" finished-at="2022-09-09T15:48:49 IST" duration-ms="188" status="PASS">
          <reporter-output>
          </reporter-output>
        </test-method> <!-- tearDown -->
      </class> <!-- com.tests.Login_DataDriven -->
      <class name="com.tests.Login">
        <test-method is-config="true" signature="start()[pri:0, instance:com.tests.Login@3e27ba32]" started-at="2022-09-09T15:48:33 IST" name="start" finished-at="2022-09-09T15:48:34 IST" duration-ms="458" status="PASS">
          <reporter-output>
          </reporter-output>
        </test-method> <!-- start -->
        <test-method is-config="true" signature="init(java.lang.String)[pri:0, instance:com.tests.Login@3e27ba32]" started-at="2022-09-09T15:48:34 IST" name="init" finished-at="2022-09-09T15:48:45 IST" duration-ms="10647" status="PASS">
          <params>
            <param index="0">
              <value>
                <![CDATA[chrome]]>
              </value>
            </param>
          </params>
          <reporter-output>
          </reporter-output>
        </test-method> <!-- init -->
        <test-method is-config="true" signature="preSetup()[pri:0, instance:com.tests.Login@3e27ba32]" started-at="2022-09-09T15:48:45 IST" name="preSetup" finished-at="2022-09-09T15:48:45 IST" duration-ms="4" status="PASS">
          <reporter-output>
          </reporter-output>
        </test-method> <!-- preSetup -->
        <test-method signature="loginToApplication()[pri:0, instance:com.tests.Login@3e27ba32]" started-at="2022-09-09T15:48:45 IST" name="loginToApplication" description="This TC will perform valid login" finished-at="2022-09-09T15:48:46 IST" duration-ms="1848" status="PASS">
          <reporter-output>
          </reporter-output>
        </test-method> <!-- loginToApplication -->
        <test-method is-config="true" signature="captureResult(org.testng.ITestResult)[pri:0, instance:com.tests.Login@3e27ba32]" started-at="2022-09-09T15:48:46 IST" name="captureResult" finished-at="2022-09-09T15:48:46 IST" duration-ms="5" status="PASS">
          <params>
            <param index="0">
              <value>
                <![CDATA[[TestResult name=loginToApplication status=SUCCESS method=Login.loginToApplication()[pri:0, instance:com.tests.Login@3e27ba32] output={null}]]]>
              </value>
            </param>
          </params>
          <reporter-output>
          </reporter-output>
        </test-method> <!-- captureResult -->
        <test-method is-config="true" signature="tearDown()[pri:0, instance:com.tests.Login@3e27ba32]" started-at="2022-09-09T15:48:46 IST" name="tearDown" finished-at="2022-09-09T15:48:47 IST" duration-ms="182" status="PASS">
          <reporter-output>
          </reporter-output>
        </test-method> <!-- tearDown -->
        <test-method is-config="true" signature="closeApplication()[pri:0, instance:com.tests.Login@3e27ba32]" started-at="2022-09-09T15:48:49 IST" name="closeApplication" finished-at="2022-09-09T15:48:49 IST" duration-ms="151" status="PASS">
          <reporter-output>
          </reporter-output>
        </test-method> <!-- closeApplication -->
      </class> <!-- com.tests.Login -->
    </test> <!-- Test -->
  </suite> <!-- Suite -->
</testng-results>
