<?xml version="1.0" encoding="UTF-8"?>
<!-- Generated by org.testng.reporters.JUnitXMLReporter -->
<testsuite ignored="2" hostname="SSTINDEVLP1190" failures="0" tests="2" name="FirefoxTest" time="10.804" errors="0" timestamp="2022-09-04T12:48:57 IST">
  <testcase classname="com.tests.Login_DataDriven" name="loginToApplication" time="2.763"/>
  <testcase classname="com.tests.Login" name="loginToApplication" time="2.783"/>
  <testcase classname="com.base.BaseClass" name="@BeforeSuite start" time="0.0">
    <ignored/>
  </testcase> <!-- @BeforeSuite start -->
  <testcase classname="com.base.BaseClass" name="@AfterSuite closeApplication" time="0.0">
    <ignored/>
  </testcase> <!-- @AfterSuite closeApplication -->
</testsuite> <!-- FirefoxTest -->
