<?xml version="1.0" encoding="UTF-8"?>
<!-- Generated by org.testng.reporters.JUnitXMLReporter -->
<testsuite ignored="2" hostname="SSTINADMLP1150" failures="0" tests="2" name="Test" time="14.729" errors="0" timestamp="2022-09-09T15:48:49 IST">
  <testcase classname="com.tests.Login" name="loginToApplication" time="1.848"/>
  <testcase classname="com.tests.Login_DataDriven" name="loginToApplication" time="3.609"/>
  <testcase classname="com.base.BaseClass" name="@AfterSuite closeApplication" time="0.0">
    <ignored/>
  </testcase> <!-- @AfterSuite closeApplication -->
  <testcase classname="com.base.BaseClass" name="@BeforeSuite start" time="0.0">
    <ignored/>
  </testcase> <!-- @BeforeSuite start -->
</testsuite> <!-- Test -->
